Using pre-set license
Built from '2021.3/release' branch; Version is '2021.3.28f1 (232e59c3f087) revision 2305625'; Using compiler version '192829333'; Build Type 'Release'
OS: 'Windows 11  (10.0.22621) 64bit Professional' Language: 'tr' Physical Memory: 16310 MB
BatchMode: 1, IsHumanControllingUs: 0, StartBugReporterOnCrash: 0, Is64bit: 1, IsPro: 1

COMMAND LINE ARGUMENTS:
C:\Program Files\Unity\Hub\Editor\2021.3.28f1\Editor\Unity.exe
-adb2
-batchMode
-noUpm
-name
AssetImportWorker3
-projectPath
C:/Users/Firel/Documents/GitHub/TowerDefense-Mini/towerDefense
-logFile
Logs/AssetImportWorker3.log
-srvPort
49995
Successfully changed project path to: C:/Users/Firel/Documents/GitHub/TowerDefense-Mini/towerDefense
C:/Users/Firel/Documents/GitHub/TowerDefense-Mini/towerDefense
[UnityMemory] Configuration Parameters - Can be set up in boot.config
    "memorysetup-bucket-allocator-granularity=16"
    "memorysetup-bucket-allocator-bucket-count=8"
    "memorysetup-bucket-allocator-block-size=33554432"
    "memorysetup-bucket-allocator-block-count=8"
    "memorysetup-main-allocator-block-size=16777216"
    "memorysetup-thread-allocator-block-size=16777216"
    "memorysetup-gfx-main-allocator-block-size=16777216"
    "memorysetup-gfx-thread-allocator-block-size=16777216"
    "memorysetup-cache-allocator-block-size=4194304"
    "memorysetup-typetree-allocator-block-size=2097152"
    "memorysetup-profiler-bucket-allocator-granularity=16"
    "memorysetup-profiler-bucket-allocator-bucket-count=8"
    "memorysetup-profiler-bucket-allocator-block-size=33554432"
    "memorysetup-profiler-bucket-allocator-block-count=8"
    "memorysetup-profiler-allocator-block-size=16777216"
    "memorysetup-profiler-editor-allocator-block-size=1048576"
    "memorysetup-temp-allocator-size-main=16777216"
    "memorysetup-job-temp-allocator-block-size=2097152"
    "memorysetup-job-temp-allocator-block-size-background=1048576"
    "memorysetup-job-temp-allocator-reduction-small-platforms=262144"
    "memorysetup-temp-allocator-size-background-worker=32768"
    "memorysetup-temp-allocator-size-job-worker=262144"
    "memorysetup-temp-allocator-size-preload-manager=33554432"
    "memorysetup-temp-allocator-size-nav-mesh-worker=65536"
    "memorysetup-temp-allocator-size-audio-worker=65536"
    "memorysetup-temp-allocator-size-cloud-worker=32768"
    "memorysetup-temp-allocator-size-gi-baking-worker=262144"
    "memorysetup-temp-allocator-size-gfx=262144"
Player connection [16116] Host "[IP] 192.168.1.16 [Port] 0 [Flags] 2 [Guid] 1348960443 [EditorId] 1348960443 [Version] 1048832 [Id] WindowsEditor(7,furkan) [Debug] 1 [PackageName] WindowsEditor [ProjectName] Editor" joined multi-casting on [225.0.0.222:54997]...

Player connection [16116] Host "[IP] 192.168.1.16 [Port] 0 [Flags] 2 [Guid] 1348960443 [EditorId] 1348960443 [Version] 1048832 [Id] WindowsEditor(7,furkan) [Debug] 1 [PackageName] WindowsEditor [ProjectName] Editor" joined alternative multi-casting on [225.0.0.222:34997]...

Refreshing native plugins compatible for Editor in 77.18 ms, found 3 plugins.
Preloading 0 native plugins for Editor in 0.00 ms.
Initialize engine version: 2021.3.28f1 (232e59c3f087)
[Subsystems] Discovering subsystems at path C:/Program Files/Unity/Hub/Editor/2021.3.28f1/Editor/Data/Resources/UnitySubsystems
[Subsystems] Discovering subsystems at path C:/Users/Firel/Documents/GitHub/TowerDefense-Mini/towerDefense/Assets
GfxDevice: creating device client; threaded=0; jobified=0
Direct3D:
    Version:  Direct3D 11.0 [level 11.1]
    Renderer: AMD Radeon RX 6600 XT (ID=0x73ff)
    Vendor:   ATI
    VRAM:     8146 MB
    Driver:   31.0.14037.17019
Initialize mono
Mono path[0] = 'C:/Program Files/Unity/Hub/Editor/2021.3.28f1/Editor/Data/Managed'
Mono path[1] = 'C:/Program Files/Unity/Hub/Editor/2021.3.28f1/Editor/Data/MonoBleedingEdge/lib/mono/unityjit-win32'
Mono config path = 'C:/Program Files/Unity/Hub/Editor/2021.3.28f1/Editor/Data/MonoBleedingEdge/etc'
Using monoOptions --debugger-agent=transport=dt_socket,embedding=1,server=y,suspend=n,address=127.0.0.1:56412
Begin MonoManager ReloadAssembly
Registering precompiled unity dll's ...
Register platform support module: C:/Program Files/Unity/Hub/Editor/2021.3.28f1/Editor/Data/PlaybackEngines/WebGLSupport/UnityEditor.WebGL.Extensions.dll
Register platform support module: C:/Program Files/Unity/Hub/Editor/2021.3.28f1/Editor/Data/PlaybackEngines/AndroidPlayer/UnityEditor.Android.Extensions.dll
Register platform support module: C:/Program Files/Unity/Hub/Editor/2021.3.28f1/Editor/Data/PlaybackEngines/WindowsStandaloneSupport/UnityEditor.WindowsStandalone.Extensions.dll
Register platform support module: C:/Program Files/Unity/Hub/Editor/2021.3.28f1/Editor/Data/PlaybackEngines/MetroSupport/UnityEditor.UWP.Extensions.dll
Registered in 0.005827 seconds.
Native extension for UWP target not found
Native extension for WindowsStandalone target not found
Native extension for Android target not found
Android Extension - Scanning For ADB Devices 192 ms
Native extension for WebGL target not found
Refreshing native plugins compatible for Editor in 74.54 ms, found 3 plugins.
Preloading 0 native plugins for Editor in 0.00 ms.
Mono: successfully reloaded assembly
- Completed reload, in  0.739 seconds
Domain Reload Profiling:
	ReloadAssembly (739ms)
		BeginReloadAssembly (67ms)
			ExecutionOrderSort (0ms)
			DisableScriptedObjects (0ms)
			BackupInstance (0ms)
			ReleaseScriptingObjects (0ms)
			CreateAndSetChildDomain (1ms)
		EndReloadAssembly (587ms)
			LoadAssemblies (66ms)
			RebuildTransferFunctionScriptingTraits (0ms)
			SetupTypeCache (73ms)
			ReleaseScriptCaches (0ms)
			RebuildScriptCaches (18ms)
			SetupLoadedEditorAssemblies (455ms)
				LogAssemblyErrors (0ms)
				InitializePlatformSupportModulesInManaged (263ms)
				SetLoadedEditorAssemblies (0ms)
				RefreshPlugins (75ms)
				BeforeProcessingInitializeOnLoad (1ms)
				ProcessInitializeOnLoadAttributes (77ms)
				ProcessInitializeOnLoadMethodAttributes (39ms)
				AfterProcessingInitializeOnLoad (0ms)
				EditorAssembliesLoaded (0ms)
			ExecutionOrderSort2 (0ms)
			AwakeInstancesAfterBackupRestoration (0ms)
Platform modules already initialized, skipping
Registering precompiled user dll's ...
Registered in 0.005070 seconds.
Begin MonoManager ReloadAssembly
Symbol file LoadedFromMemory doesn't match image C:\Users\Firel\Documents\GitHub\TowerDefense-Mini\towerDefense\Library\PackageCache\com.unity.visualscripting@1.8.0\Editor\VisualScripting.Core\Dependencies\YamlDotNet\Unity.VisualScripting.YamlDotNet.dll
Symbol file LoadedFromMemory doesn't match image C:\Users\Firel\Documents\GitHub\TowerDefense-Mini\towerDefense\Library\PackageCache\com.unity.visualscripting@1.8.0\Editor\VisualScripting.Core\Dependencies\DotNetZip\Unity.VisualScripting.IonicZip.dll
Native extension for UWP target not found
Native extension for WindowsStandalone target not found
Native extension for Android target not found
Native extension for WebGL target not found
Refreshing native plugins compatible for Editor in 0.55 ms, found 3 plugins.
Preloading 0 native plugins for Editor in 0.00 ms.
Mono: successfully reloaded assembly
- Completed reload, in  0.770 seconds
Domain Reload Profiling:
	ReloadAssembly (770ms)
		BeginReloadAssembly (99ms)
			ExecutionOrderSort (0ms)
			DisableScriptedObjects (5ms)
			BackupInstance (0ms)
			ReleaseScriptingObjects (0ms)
			CreateAndSetChildDomain (18ms)
		EndReloadAssembly (584ms)
			LoadAssemblies (68ms)
			RebuildTransferFunctionScriptingTraits (0ms)
			SetupTypeCache (215ms)
			ReleaseScriptCaches (0ms)
			RebuildScriptCaches (32ms)
			SetupLoadedEditorAssemblies (244ms)
				LogAssemblyErrors (0ms)
				InitializePlatformSupportModulesInManaged (18ms)
				SetLoadedEditorAssemblies (0ms)
				RefreshPlugins (1ms)
				BeforeProcessingInitializeOnLoad (57ms)
				ProcessInitializeOnLoadAttributes (148ms)
				ProcessInitializeOnLoadMethodAttributes (15ms)
				AfterProcessingInitializeOnLoad (5ms)
				EditorAssembliesLoaded (0ms)
			ExecutionOrderSort2 (0ms)
			AwakeInstancesAfterBackupRestoration (4ms)
Platform modules already initialized, skipping
========================================================================
Worker process is ready to serve import requests
Launched and connected shader compiler UnityShaderCompiler.exe after 0.03 seconds
Refreshing native plugins compatible for Editor in 0.53 ms, found 3 plugins.
Preloading 0 native plugins for Editor in 0.00 ms.
Unloading 3052 Unused Serialized files (Serialized files now loaded: 0)
Unloading 22 unused Assets / (46.6 KB). Loaded Objects now: 3517.
Memory consumption went from 114.6 MB to 114.5 MB.
Total: 2.117800 ms (FindLiveObjects: 0.154800 ms CreateObjectMapping: 0.077300 ms MarkObjects: 1.839500 ms  DeleteObjects: 0.045600 ms)

AssetImportParameters requested are different than current active one (requested -> active):
  custom:video-decoder-ogg-theora: a1e56fd34408186e4bbccfd4996cb3dc -> 
  custom:container-muxer-webm: aa71ff27fc2769a1b78a27578f13a17b -> 
  custom:container-demuxer-webm: 4f35f7cbe854078d1ac9338744f61a02 -> 
  custom:video-encoder-webm-vp8: eb34c28f22e8b96e1ab97ce403110664 -> 
  custom:video-codec-MediaFoundation-h265: 746d11721c4dcdbdad8f713fa42b33f4 -> 
  custom:CustomObjectIndexerAttribute: bc11b3a6c3213fcdd17b65e7da85e133 -> 
  custom:audio-encoder-webm-vorbis: bf7c407c2cedff20999df2af8eb42d56 -> 
  custom:framework-win-MediaFoundation: 216162199b28c13a410421893ffa2e32 -> 
  custom:container-demuxer-ogg: 62fdf1f143b41e24485cea50d1cbac27 -> 
  custom:video-decoder-webm-vp8: 9c59270c3fd7afecdb556c50c9e8de78 -> 
  custom:audio-decoder-ogg-vorbis: bf7c407c2cedff20999df2af8eb42d56 -> 
========================================================================
Received Import Request.
  Time since last request: 1805.281095 seconds.
  path: Assets/AssetStore/TowerDefenseKit/Side/detail_dirt.png
  artifactKey: Guid(6d99f3796b9fe184f9c82a6515132f29) Importer(815301076,1909f56bfc062723c751e8b465ee728b)
Start importing Assets/AssetStore/TowerDefenseKit/Side/detail_dirt.png using Guid(6d99f3796b9fe184f9c82a6515132f29) Importer(815301076,1909f56bfc062723c751e8b465ee728b)  -> (artifact id: 'a5948f6fff5e2981d84d87f97f8e7bbe') in 0.070070 seconds 
========================================================================
Received Import Request.
  Time since last request: 0.000027 seconds.
  path: Assets/AssetStore/TowerDefenseKit/Side/snow_tile_slope.png
  artifactKey: Guid(d38fb3829e6c23049a6db3ae79b26e34) Importer(815301076,1909f56bfc062723c751e8b465ee728b)
Start importing Assets/AssetStore/TowerDefenseKit/Side/snow_tile_slope.png using Guid(d38fb3829e6c23049a6db3ae79b26e34) Importer(815301076,1909f56bfc062723c751e8b465ee728b)  -> (artifact id: 'dce6ee052fac7d115fec176abfff27a7') in 0.014049 seconds 
========================================================================
Received Import Request.
  Time since last request: 0.000028 seconds.
  path: Assets/AssetStore/TowerDefenseKit/Side/snow_tile_split.png
  artifactKey: Guid(08923cd8651492c49bf7a3a861de8c16) Importer(815301076,1909f56bfc062723c751e8b465ee728b)
Start importing Assets/AssetStore/TowerDefenseKit/Side/snow_tile_split.png using Guid(08923cd8651492c49bf7a3a861de8c16) Importer(815301076,1909f56bfc062723c751e8b465ee728b)  -> (artifact id: 'ac9b158cd5decb7d91466439cb37f066') in 0.014401 seconds 
========================================================================
Received Import Request.
  Time since last request: 0.000017 seconds.
  path: Assets/AssetStore/TowerDefenseKit/Side/detail_rocksLarge.png
  artifactKey: Guid(06c2785d36deaa24b8382539d6bb070a) Importer(815301076,1909f56bfc062723c751e8b465ee728b)
Start importing Assets/AssetStore/TowerDefenseKit/Side/detail_rocksLarge.png using Guid(06c2785d36deaa24b8382539d6bb070a) Importer(815301076,1909f56bfc062723c751e8b465ee728b)  -> (artifact id: 'ad91de7d5e945e8bf2f5cab10e2bc8bb') in 0.014407 seconds 
========================================================================
Received Import Request.
  Time since last request: 0.000020 seconds.
  path: Assets/AssetStore/TowerDefenseKit/Side/snow_tile_riverFall.png
  artifactKey: Guid(6c892407ffc2a674b9a9497f13da3ab6) Importer(815301076,1909f56bfc062723c751e8b465ee728b)
Start importing Assets/AssetStore/TowerDefenseKit/Side/snow_tile_riverFall.png using Guid(6c892407ffc2a674b9a9497f13da3ab6) Importer(815301076,1909f56bfc062723c751e8b465ee728b)  -> (artifact id: '15d18d99cb5cad82c9744047778d7014') in 0.014398 seconds 
========================================================================
Received Import Request.
  Time since last request: 0.000013 seconds.
  path: Assets/AssetStore/TowerDefenseKit/Side/snow_detail_crystalLarge.png
  artifactKey: Guid(36ac9a2709bd14e45a18bff353ade879) Importer(815301076,1909f56bfc062723c751e8b465ee728b)
Start importing Assets/AssetStore/TowerDefenseKit/Side/snow_detail_crystalLarge.png using Guid(36ac9a2709bd14e45a18bff353ade879) Importer(815301076,1909f56bfc062723c751e8b465ee728b)  -> (artifact id: '7e3ea882f263682c735a2b549ecd419e') in 0.014814 seconds 
========================================================================
Received Import Request.
  Time since last request: 0.000016 seconds.
  path: Assets/AssetStore/TowerDefenseKit/Side/enemy_ufoRedWeapon.png
  artifactKey: Guid(d591d89910253384882fe26c6c64c55e) Importer(815301076,1909f56bfc062723c751e8b465ee728b)
Start importing Assets/AssetStore/TowerDefenseKit/Side/enemy_ufoRedWeapon.png using Guid(d591d89910253384882fe26c6c64c55e) Importer(815301076,1909f56bfc062723c751e8b465ee728b)  -> (artifact id: 'abbaba552166038d7bfb3d64c2a60471') in 0.013533 seconds 
========================================================================
Received Import Request.
  Time since last request: 0.000016 seconds.
  path: Assets/AssetStore/TowerDefenseKit/Side/snow_detail_tree.png
  artifactKey: Guid(a13e76dd014ac694896669be8ddb20d1) Importer(815301076,1909f56bfc062723c751e8b465ee728b)
Start importing Assets/AssetStore/TowerDefenseKit/Side/snow_detail_tree.png using Guid(a13e76dd014ac694896669be8ddb20d1) Importer(815301076,1909f56bfc062723c751e8b465ee728b)  -> (artifact id: '8b89ac820c8e3ffe34d97c38ad274a24') in 0.014509 seconds 
========================================================================
Received Import Request.
  Time since last request: 0.000013 seconds.
  path: Assets/AssetStore/TowerDefenseKit/Side/snow_detail_crystal.png
  artifactKey: Guid(2e15803e40685d34695c9761e22cd0c5) Importer(815301076,1909f56bfc062723c751e8b465ee728b)
Start importing Assets/AssetStore/TowerDefenseKit/Side/snow_detail_crystal.png using Guid(2e15803e40685d34695c9761e22cd0c5) Importer(815301076,1909f56bfc062723c751e8b465ee728b)  -> (artifact id: 'f6919b342889b6e329c4db20773f18a4') in 0.014654 seconds 
========================================================================
Received Import Request.
  Time since last request: 0.000017 seconds.
  path: Assets/AssetStore/TowerDefenseKit/Side/snow_tile_cornerSquare.png
  artifactKey: Guid(d5806ade8420c454984980d891e40996) Importer(815301076,1909f56bfc062723c751e8b465ee728b)
Start importing Assets/AssetStore/TowerDefenseKit/Side/snow_tile_cornerSquare.png using Guid(d5806ade8420c454984980d891e40996) Importer(815301076,1909f56bfc062723c751e8b465ee728b)  -> (artifact id: 'df352839a63ae01f810bfb22876b4ce1') in 0.012968 seconds 
========================================================================
Received Import Request.
  Time since last request: 0.000020 seconds.
  path: Assets/AssetStore/TowerDefenseKit/Side/snow_tile_straightHillLarge.png
  artifactKey: Guid(bc94becb54e8b0d49b8981c100d5fae6) Importer(815301076,1909f56bfc062723c751e8b465ee728b)
Start importing Assets/AssetStore/TowerDefenseKit/Side/snow_tile_straightHillLarge.png using Guid(bc94becb54e8b0d49b8981c100d5fae6) Importer(815301076,1909f56bfc062723c751e8b465ee728b)  -> (artifact id: '8af0de8765e1a42c04d0d566f540a3c6') in 0.015196 seconds 
========================================================================
Received Import Request.
  Time since last request: 0.000014 seconds.
  path: Assets/AssetStore/TowerDefenseKit/Side/enemy_ufoPurple.png
  artifactKey: Guid(e74814f8923d4ed4596f8bc9fff06ee9) Importer(815301076,1909f56bfc062723c751e8b465ee728b)
Start importing Assets/AssetStore/TowerDefenseKit/Side/enemy_ufoPurple.png using Guid(e74814f8923d4ed4596f8bc9fff06ee9) Importer(815301076,1909f56bfc062723c751e8b465ee728b)  -> (artifact id: 'bd7ffb1d1f90d15aa794902d1479c87c') in 0.014098 seconds 
========================================================================
Received Import Request.
  Time since last request: 0.000014 seconds.
  path: Assets/AssetStore/TowerDefenseKit/Side/snow_tile_riverBridge.png
  artifactKey: Guid(636ee821661d5164e88a902fd2494c7a) Importer(815301076,1909f56bfc062723c751e8b465ee728b)
Start importing Assets/AssetStore/TowerDefenseKit/Side/snow_tile_riverBridge.png using Guid(636ee821661d5164e88a902fd2494c7a) Importer(815301076,1909f56bfc062723c751e8b465ee728b)  -> (artifact id: 'd741efc550249784de15cc41763b5ac8') in 0.013839 seconds 
========================================================================
Received Import Request.
  Time since last request: 0.000016 seconds.
  path: Assets/AssetStore/TowerDefenseKit/Side/snow_tile_cornerOuter.png
  artifactKey: Guid(ec7a8580213abc34fafe871a9a64f9f6) Importer(815301076,1909f56bfc062723c751e8b465ee728b)
Start importing Assets/AssetStore/TowerDefenseKit/Side/snow_tile_cornerOuter.png using Guid(ec7a8580213abc34fafe871a9a64f9f6) Importer(815301076,1909f56bfc062723c751e8b465ee728b)  -> (artifact id: '477fe5ad428ed388fbec2934f2487b4d') in 0.013769 seconds 
========================================================================
Received Import Request.
  Time since last request: 0.000017 seconds.
  path: Assets/AssetStore/TowerDefenseKit/Side/snow_tile_riverTransition.png
  artifactKey: Guid(2891410cf1ccf954886da6bcaee9ade2) Importer(815301076,1909f56bfc062723c751e8b465ee728b)
Start importing Assets/AssetStore/TowerDefenseKit/Side/snow_tile_riverTransition.png using Guid(2891410cf1ccf954886da6bcaee9ade2) Importer(815301076,1909f56bfc062723c751e8b465ee728b)  -> (artifact id: 'c4325c62d92dd8527a6c478bd139741c') in 0.013673 seconds 
========================================================================
Received Import Request.
  Time since last request: 0.307006 seconds.
  path: Assets/AssetStore/TowerDefenseKit/Side/snow_tile_treeDouble.png
  artifactKey: Guid(1ce0b88bedd1fdb4f9542a74ad89e9e9) Importer(815301076,1909f56bfc062723c751e8b465ee728b)
Start importing Assets/AssetStore/TowerDefenseKit/Side/snow_tile_treeDouble.png using Guid(1ce0b88bedd1fdb4f9542a74ad89e9e9) Importer(815301076,1909f56bfc062723c751e8b465ee728b)  -> (artifact id: '06aa9d360f10185c9952fba572bab791') in 0.014086 seconds 
========================================================================
Received Import Request.
  Time since last request: 0.000017 seconds.
  path: Assets/AssetStore/TowerDefenseKit/Side/snow_tile_wideSplit.png
  artifactKey: Guid(7f95aee8016ff5c4ba97cb24739fdf70) Importer(815301076,1909f56bfc062723c751e8b465ee728b)
Start importing Assets/AssetStore/TowerDefenseKit/Side/snow_tile_wideSplit.png using Guid(7f95aee8016ff5c4ba97cb24739fdf70) Importer(815301076,1909f56bfc062723c751e8b465ee728b)  -> (artifact id: '466bf494f1ae6cdd0c61b88d20a7a6f1') in 0.013573 seconds 
========================================================================
Received Import Request.
  Time since last request: 0.000014 seconds.
  path: Assets/AssetStore/TowerDefenseKit/Side/tile_cornerLarge.png
  artifactKey: Guid(a431370d51b31a14c8d3dcc05d076243) Importer(815301076,1909f56bfc062723c751e8b465ee728b)
Start importing Assets/AssetStore/TowerDefenseKit/Side/tile_cornerLarge.png using Guid(a431370d51b31a14c8d3dcc05d076243) Importer(815301076,1909f56bfc062723c751e8b465ee728b)  -> (artifact id: '53e2d17d581c6d3fddd721d64bbf19fe') in 0.013962 seconds 
========================================================================
Received Import Request.
  Time since last request: 0.000014 seconds.
  path: Assets/AssetStore/TowerDefenseKit/Side/snow_tile_wideTransition.png
  artifactKey: Guid(a7c1dc0d4cc7d444a83fa7fbf22d3e75) Importer(815301076,1909f56bfc062723c751e8b465ee728b)
Start importing Assets/AssetStore/TowerDefenseKit/Side/snow_tile_wideTransition.png using Guid(a7c1dc0d4cc7d444a83fa7fbf22d3e75) Importer(815301076,1909f56bfc062723c751e8b465ee728b)  -> (artifact id: '371760224cd02513fc552d632d7e07fd') in 0.013385 seconds 
========================================================================
Received Import Request.
  Time since last request: 0.000015 seconds.
  path: Assets/AssetStore/TowerDefenseKit/Side/tile_cornerSquare.png
  artifactKey: Guid(8f5ddf4539e932042a4ff4b12b4efa9d) Importer(815301076,1909f56bfc062723c751e8b465ee728b)
Start importing Assets/AssetStore/TowerDefenseKit/Side/tile_cornerSquare.png using Guid(8f5ddf4539e932042a4ff4b12b4efa9d) Importer(815301076,1909f56bfc062723c751e8b465ee728b)  -> (artifact id: '1d9df9d652964171766246e3bb38cc67') in 0.014689 seconds 
========================================================================
Received Import Request.
  Time since last request: 10.841802 seconds.
  path: Assets/AssetStore/TowerDefenseKit/Models/FBX format/detail_dirt.fbx
  artifactKey: Guid(9ae2c223cbf5f8442af679cb9b78716d) Importer(815301076,1909f56bfc062723c751e8b465ee728b)
Start importing Assets/AssetStore/TowerDefenseKit/Models/FBX format/detail_dirt.fbx using Guid(9ae2c223cbf5f8442af679cb9b78716d) Importer(815301076,1909f56bfc062723c751e8b465ee728b)  -> (artifact id: 'ef26f7d1fbce5ae8204c37f2c9e886de') in 0.067962 seconds 
========================================================================
Received Import Request.
  Time since last request: 0.000012 seconds.
  path: Assets/AssetStore/TowerDefenseKit/Models/FBX format/snow_tile_endSpawn.fbx
  artifactKey: Guid(2f59bb442b5d7bd40af2aabbc5e18cc9) Importer(815301076,1909f56bfc062723c751e8b465ee728b)
Start importing Assets/AssetStore/TowerDefenseKit/Models/FBX format/snow_tile_endSpawn.fbx using Guid(2f59bb442b5d7bd40af2aabbc5e18cc9) Importer(815301076,1909f56bfc062723c751e8b465ee728b)  -> (artifact id: 'edd547aa05b86c4028479f7d077ae186') in 0.034975 seconds 
========================================================================
Received Import Request.
  Time since last request: 0.000015 seconds.
  path: Assets/AssetStore/TowerDefenseKit/Models/FBX format/snow_detail_tree.fbx
  artifactKey: Guid(6c318f5c9ce02c4478041c138f7a4cd6) Importer(815301076,1909f56bfc062723c751e8b465ee728b)
Start importing Assets/AssetStore/TowerDefenseKit/Models/FBX format/snow_detail_tree.fbx using Guid(6c318f5c9ce02c4478041c138f7a4cd6) Importer(815301076,1909f56bfc062723c751e8b465ee728b)  -> (artifact id: '62aa349bd62541cde1720041dce49e56') in 0.026643 seconds 
========================================================================
Received Import Request.
  Time since last request: 0.000015 seconds.
  path: Assets/AssetStore/TowerDefenseKit/Models/FBX format/enemy_ufoPurple.fbx
  artifactKey: Guid(d5e991181899b714087ce5c99b531bf6) Importer(815301076,1909f56bfc062723c751e8b465ee728b)
Start importing Assets/AssetStore/TowerDefenseKit/Models/FBX format/enemy_ufoPurple.fbx using Guid(d5e991181899b714087ce5c99b531bf6) Importer(815301076,1909f56bfc062723c751e8b465ee728b)  -> (artifact id: '9b771f353710d972cd2b692140e821e4') in 0.026258 seconds 
========================================================================
Received Import Request.
  Time since last request: 0.000016 seconds.
  path: Assets/AssetStore/TowerDefenseKit/Models/FBX format/snow_tile_straight.fbx
  artifactKey: Guid(ed80cee7b46c1934086bb5081dc3dcff) Importer(815301076,1909f56bfc062723c751e8b465ee728b)
Start importing Assets/AssetStore/TowerDefenseKit/Models/FBX format/snow_tile_straight.fbx using Guid(ed80cee7b46c1934086bb5081dc3dcff) Importer(815301076,1909f56bfc062723c751e8b465ee728b)  -> (artifact id: '2b64d4c8edf51ff4202fd5e4244cd87d') in 0.042716 seconds 
========================================================================
Received Import Request.
  Time since last request: 0.000019 seconds.
  path: Assets/AssetStore/TowerDefenseKit/Models/FBX format/snow_detail_dirt.fbx
  artifactKey: Guid(e1e190920f8ca7b47b872050dc71e9ec) Importer(815301076,1909f56bfc062723c751e8b465ee728b)
Start importing Assets/AssetStore/TowerDefenseKit/Models/FBX format/snow_detail_dirt.fbx using Guid(e1e190920f8ca7b47b872050dc71e9ec) Importer(815301076,1909f56bfc062723c751e8b465ee728b)  -> (artifact id: '0c6d1eedfd1ce8e151bd9c8eae40bf81') in 0.022983 seconds 
========================================================================
Received Import Request.
  Time since last request: 0.000014 seconds.
  path: Assets/AssetStore/TowerDefenseKit/Models/FBX format/detail_treeLarge.fbx
  artifactKey: Guid(79b4da6a6bf281e4fa1ec7f4c4e4f5fe) Importer(815301076,1909f56bfc062723c751e8b465ee728b)
Start importing Assets/AssetStore/TowerDefenseKit/Models/FBX format/detail_treeLarge.fbx using Guid(79b4da6a6bf281e4fa1ec7f4c4e4f5fe) Importer(815301076,1909f56bfc062723c751e8b465ee728b)  -> (artifact id: 'bce8f30f59f388aa7a87e8cc707048fc') in 0.023803 seconds 
========================================================================
Received Import Request.
  Time since last request: 0.000015 seconds.
  path: Assets/AssetStore/TowerDefenseKit/Models/FBX format/snow_tile_cornerInner.fbx
  artifactKey: Guid(7f40e244f93f3c344b9cd026fcb45dd9) Importer(815301076,1909f56bfc062723c751e8b465ee728b)
Start importing Assets/AssetStore/TowerDefenseKit/Models/FBX format/snow_tile_cornerInner.fbx using Guid(7f40e244f93f3c344b9cd026fcb45dd9) Importer(815301076,1909f56bfc062723c751e8b465ee728b)  -> (artifact id: 'dfe39c6525e2bc573fc7a7c1fa43aaf7') in 0.020541 seconds 
========================================================================
Received Import Request.
  Time since last request: 0.000013 seconds.
  path: Assets/AssetStore/TowerDefenseKit/Models/FBX format/snow_tile_riverSlopeLarge.fbx
  artifactKey: Guid(2a8f5102aa6d0604eb40a71b782639df) Importer(815301076,1909f56bfc062723c751e8b465ee728b)
Start importing Assets/AssetStore/TowerDefenseKit/Models/FBX format/snow_tile_riverSlopeLarge.fbx using Guid(2a8f5102aa6d0604eb40a71b782639df) Importer(815301076,1909f56bfc062723c751e8b465ee728b)  -> (artifact id: 'c2e7c5f5bf2de3327ab8aa4ddc9dc78e') in 0.029024 seconds 
========================================================================
Received Import Request.
  Time since last request: 0.000013 seconds.
  path: Assets/AssetStore/TowerDefenseKit/Models/FBX format/snow_tile_riverBridge.fbx
  artifactKey: Guid(f8dcfe89e6f637b40a824a66473eb85a) Importer(815301076,1909f56bfc062723c751e8b465ee728b)
Start importing Assets/AssetStore/TowerDefenseKit/Models/FBX format/snow_tile_riverBridge.fbx using Guid(f8dcfe89e6f637b40a824a66473eb85a) Importer(815301076,1909f56bfc062723c751e8b465ee728b)  -> (artifact id: '7277e31a6c81542bb179866cb442f826') in 0.027658 seconds 
========================================================================
Received Import Request.
  Time since last request: 0.000014 seconds.
  path: Assets/AssetStore/TowerDefenseKit/Models/FBX format/snow_tile_crystal.fbx
  artifactKey: Guid(07d9426f25a850f46ac38d5b0be7328d) Importer(815301076,1909f56bfc062723c751e8b465ee728b)
Start importing Assets/AssetStore/TowerDefenseKit/Models/FBX format/snow_tile_crystal.fbx using Guid(07d9426f25a850f46ac38d5b0be7328d) Importer(815301076,1909f56bfc062723c751e8b465ee728b)  -> (artifact id: '573f780efc7562e834fdee19448176f0') in 0.049328 seconds 
========================================================================
Received Import Request.
  Time since last request: 0.000017 seconds.
  path: Assets/AssetStore/TowerDefenseKit/Models/FBX format/snow_tile_spawn.fbx
  artifactKey: Guid(080af081a5ad52d4e986c85356ad37f7) Importer(815301076,1909f56bfc062723c751e8b465ee728b)
Start importing Assets/AssetStore/TowerDefenseKit/Models/FBX format/snow_tile_spawn.fbx using Guid(080af081a5ad52d4e986c85356ad37f7) Importer(815301076,1909f56bfc062723c751e8b465ee728b)  -> (artifact id: 'c857e628489ada037782f4b1bf73e7bb') in 0.030876 seconds 
========================================================================
Received Import Request.
  Time since last request: 0.000017 seconds.
  path: Assets/AssetStore/TowerDefenseKit/Models/FBX format/snow_tile.fbx
  artifactKey: Guid(c05de268cf50c1c468def68dcf32cded) Importer(815301076,1909f56bfc062723c751e8b465ee728b)
Start importing Assets/AssetStore/TowerDefenseKit/Models/FBX format/snow_tile.fbx using Guid(c05de268cf50c1c468def68dcf32cded) Importer(815301076,1909f56bfc062723c751e8b465ee728b)  -> (artifact id: '51db12891245423f27324ff99d6a971e') in 0.021299 seconds 
========================================================================
Received Import Request.
  Time since last request: 0.000023 seconds.
  path: Assets/AssetStore/TowerDefenseKit/Models/FBX format/snow_tile_hill.fbx
  artifactKey: Guid(ad1a677d20827484eb43f0220a0931b8) Importer(815301076,1909f56bfc062723c751e8b465ee728b)
Start importing Assets/AssetStore/TowerDefenseKit/Models/FBX format/snow_tile_hill.fbx using Guid(ad1a677d20827484eb43f0220a0931b8) Importer(815301076,1909f56bfc062723c751e8b465ee728b)  -> (artifact id: '53f5165361ef6732e7e1bbafdf4f7dbe') in 0.029074 seconds 
========================================================================
Received Import Request.
  Time since last request: 0.000018 seconds.
  path: Assets/AssetStore/TowerDefenseKit/Models/FBX format/snow_detail_crystalLarge.fbx
  artifactKey: Guid(b9b7d2aa90b066b4892612ba27cd301a) Importer(815301076,1909f56bfc062723c751e8b465ee728b)
Start importing Assets/AssetStore/TowerDefenseKit/Models/FBX format/snow_detail_crystalLarge.fbx using Guid(b9b7d2aa90b066b4892612ba27cd301a) Importer(815301076,1909f56bfc062723c751e8b465ee728b)  -> (artifact id: 'f2cc1b023758f77ad8880294affd487c') in 0.040057 seconds 
========================================================================
Received Import Request.
  Time since last request: 0.000013 seconds.
  path: Assets/AssetStore/TowerDefenseKit/Models/FBX format/snow_tile_riverStraight.fbx
  artifactKey: Guid(d94530bd7ee29904b84c45b5ac6d5a22) Importer(815301076,1909f56bfc062723c751e8b465ee728b)
Start importing Assets/AssetStore/TowerDefenseKit/Models/FBX format/snow_tile_riverStraight.fbx using Guid(d94530bd7ee29904b84c45b5ac6d5a22) Importer(815301076,1909f56bfc062723c751e8b465ee728b)  -> (artifact id: 'b8b183e06750918e0138229a80930032') in 0.024989 seconds 
========================================================================
Received Import Request.
  Time since last request: 2.559560 seconds.
  path: Assets/AssetStore/TowerDefenseKit/Models/OBJ format/detail_dirt.obj
  artifactKey: Guid(918569521fcb11a4f8a6eb3fd3a8e07e) Importer(815301076,1909f56bfc062723c751e8b465ee728b)
Start importing Assets/AssetStore/TowerDefenseKit/Models/OBJ format/detail_dirt.obj using Guid(918569521fcb11a4f8a6eb3fd3a8e07e) Importer(815301076,1909f56bfc062723c751e8b465ee728b)  -> (artifact id: '5be8fc3d0dec305fb99e8eeb34a19796') in 0.049251 seconds 
========================================================================
Received Import Request.
  Time since last request: 0.000014 seconds.
  path: Assets/AssetStore/TowerDefenseKit/Models/OBJ format/snow_detail_crystalLarge.obj
  artifactKey: Guid(3d9e8b301a33d1f4d98fecb4a513cc1c) Importer(815301076,1909f56bfc062723c751e8b465ee728b)
Start importing Assets/AssetStore/TowerDefenseKit/Models/OBJ format/snow_detail_crystalLarge.obj using Guid(3d9e8b301a33d1f4d98fecb4a513cc1c) Importer(815301076,1909f56bfc062723c751e8b465ee728b)  -> (artifact id: '29d842018b61cca779a9dc6fec3c723f') in 0.030649 seconds 
========================================================================
Received Import Request.
  Time since last request: 0.000017 seconds.
  path: Assets/AssetStore/TowerDefenseKit/Models/OBJ format/enemy_ufoYellow.obj
  artifactKey: Guid(ee08b20076e0f3247909231533b457c1) Importer(815301076,1909f56bfc062723c751e8b465ee728b)
Start importing Assets/AssetStore/TowerDefenseKit/Models/OBJ format/enemy_ufoYellow.obj using Guid(ee08b20076e0f3247909231533b457c1) Importer(815301076,1909f56bfc062723c751e8b465ee728b)  -> (artifact id: '9e416f198df57a666459a669d9f9d64b') in 0.030950 seconds 
========================================================================
Received Import Request.
  Time since last request: 0.000015 seconds.
  path: Assets/AssetStore/TowerDefenseKit/Models/OBJ format/snow_detail_treeLarge.obj
  artifactKey: Guid(c1e2bf6affb2a4049a7fc4d3e159f799) Importer(815301076,1909f56bfc062723c751e8b465ee728b)
Start importing Assets/AssetStore/TowerDefenseKit/Models/OBJ format/snow_detail_treeLarge.obj using Guid(c1e2bf6affb2a4049a7fc4d3e159f799) Importer(815301076,1909f56bfc062723c751e8b465ee728b)  -> (artifact id: 'd8ffca41a6633a0434d435f1fbf91087') in 0.029262 seconds 
========================================================================
Received Import Request.
  Time since last request: 0.000015 seconds.
  path: Assets/AssetStore/TowerDefenseKit/Models/OBJ format/detail_rocks.obj
  artifactKey: Guid(8aa5b907d255859478c291e1cc854aae) Importer(815301076,1909f56bfc062723c751e8b465ee728b)
Start importing Assets/AssetStore/TowerDefenseKit/Models/OBJ format/detail_rocks.obj using Guid(8aa5b907d255859478c291e1cc854aae) Importer(815301076,1909f56bfc062723c751e8b465ee728b)  -> (artifact id: '8d3d95541daed6d2c37e8f7a501a2ba2') in 0.021613 seconds 
========================================================================
Received Import Request.
  Time since last request: 0.000014 seconds.
  path: Assets/AssetStore/TowerDefenseKit/Models/OBJ format/detail_rocksLarge.obj
  artifactKey: Guid(f401475ff8802c649bfe20acbfbdba74) Importer(815301076,1909f56bfc062723c751e8b465ee728b)
Start importing Assets/AssetStore/TowerDefenseKit/Models/OBJ format/detail_rocksLarge.obj using Guid(f401475ff8802c649bfe20acbfbdba74) Importer(815301076,1909f56bfc062723c751e8b465ee728b)  -> (artifact id: '6b483d0e768f490101e3c3ea9c9ac676') in 0.020542 seconds 
========================================================================
Received Import Request.
  Time since last request: 0.000017 seconds.
  path: Assets/AssetStore/TowerDefenseKit/Models/OBJ format/snow_tile_bump.obj
  artifactKey: Guid(92da2ec4e4cef6e4d833d412906d21b8) Importer(815301076,1909f56bfc062723c751e8b465ee728b)
Start importing Assets/AssetStore/TowerDefenseKit/Models/OBJ format/snow_tile_bump.obj using Guid(92da2ec4e4cef6e4d833d412906d21b8) Importer(815301076,1909f56bfc062723c751e8b465ee728b)  -> (artifact id: '658c2f9a832bb462ebc47ce80f9fec6f') in 0.028692 seconds 
========================================================================
Received Import Request.
  Time since last request: 0.000019 seconds.
  path: Assets/AssetStore/TowerDefenseKit/Models/OBJ format/enemy_ufoGreen.obj
  artifactKey: Guid(93c351b68ea74bd499530548e4e51384) Importer(815301076,1909f56bfc062723c751e8b465ee728b)
Start importing Assets/AssetStore/TowerDefenseKit/Models/OBJ format/enemy_ufoGreen.obj using Guid(93c351b68ea74bd499530548e4e51384) Importer(815301076,1909f56bfc062723c751e8b465ee728b)  -> (artifact id: '55b8c2a9233a328374aca5465dc115c9') in 0.027873 seconds 
========================================================================
Received Import Request.
  Time since last request: 0.000019 seconds.
  path: Assets/AssetStore/TowerDefenseKit/Models/OBJ format/snow_detail_tree.obj
  artifactKey: Guid(3c004967f703f724e981c3070ee96c24) Importer(815301076,1909f56bfc062723c751e8b465ee728b)
Start importing Assets/AssetStore/TowerDefenseKit/Models/OBJ format/snow_detail_tree.obj using Guid(3c004967f703f724e981c3070ee96c24) Importer(815301076,1909f56bfc062723c751e8b465ee728b)  -> (artifact id: '0c942135fd7bc72c97416dd4b6e58f28') in 0.029240 seconds 
========================================================================
Received Import Request.
  Time since last request: 3.213414 seconds.
  path: Assets/AssetStore/TowerDefenseKit/Models/OBJ format/snow_tile_cornerOuter.obj
  artifactKey: Guid(2dafc807ad53921419e970e631fa8285) Importer(815301076,1909f56bfc062723c751e8b465ee728b)
Start importing Assets/AssetStore/TowerDefenseKit/Models/OBJ format/snow_tile_cornerOuter.obj using Guid(2dafc807ad53921419e970e631fa8285) Importer(815301076,1909f56bfc062723c751e8b465ee728b)  -> (artifact id: 'c1f3d9c338b0dc048ba0265b8df29cd5') in 0.024149 seconds 
========================================================================
Received Import Request.
  Time since last request: 0.000015 seconds.
  path: Assets/AssetStore/TowerDefenseKit/Models/OBJ format/snow_tile_end.obj
  artifactKey: Guid(829148b00341b3b488705b0736183cba) Importer(815301076,1909f56bfc062723c751e8b465ee728b)
Start importing Assets/AssetStore/TowerDefenseKit/Models/OBJ format/snow_tile_end.obj using Guid(829148b00341b3b488705b0736183cba) Importer(815301076,1909f56bfc062723c751e8b465ee728b)  -> (artifact id: 'a47a2e933440681dbb327e5de531d36e') in 0.030240 seconds 
========================================================================
Received Import Request.
  Time since last request: 0.000013 seconds.
  path: Assets/AssetStore/TowerDefenseKit/Models/OBJ format/snow_tile_cornerRound.obj
  artifactKey: Guid(c1d31c3449b752e4382996e627c0939c) Importer(815301076,1909f56bfc062723c751e8b465ee728b)
Start importing Assets/AssetStore/TowerDefenseKit/Models/OBJ format/snow_tile_cornerRound.obj using Guid(c1d31c3449b752e4382996e627c0939c) Importer(815301076,1909f56bfc062723c751e8b465ee728b)  -> (artifact id: 'daaa6825e99692b4b0d9159bd2d781d7') in 0.029048 seconds 
========================================================================
Received Import Request.
  Time since last request: 0.438208 seconds.
  path: Assets/AssetStore/TowerDefenseKit/Models/OBJ format/snow_tile_endSpawn.obj
  artifactKey: Guid(923a67d0fd37a334cb57a185193d3b4c) Importer(815301076,1909f56bfc062723c751e8b465ee728b)
Start importing Assets/AssetStore/TowerDefenseKit/Models/OBJ format/snow_tile_endSpawn.obj using Guid(923a67d0fd37a334cb57a185193d3b4c) Importer(815301076,1909f56bfc062723c751e8b465ee728b)  -> (artifact id: '955e1dc088902c3ddb79dae9e34de56d') in 0.031431 seconds 
========================================================================
Received Import Request.
  Time since last request: 0.000018 seconds.
  path: Assets/AssetStore/TowerDefenseKit/Models/OBJ format/snow_tile_riverSlope.obj
  artifactKey: Guid(c55984bbb21b81249a786a123261e607) Importer(815301076,1909f56bfc062723c751e8b465ee728b)
Start importing Assets/AssetStore/TowerDefenseKit/Models/OBJ format/snow_tile_riverSlope.obj using Guid(c55984bbb21b81249a786a123261e607) Importer(815301076,1909f56bfc062723c751e8b465ee728b)  -> (artifact id: '56efc47e4923383161af78f13c1103e7') in 0.027027 seconds 
========================================================================
Received Import Request.
  Time since last request: 0.000019 seconds.
  path: Assets/AssetStore/TowerDefenseKit/Models/OBJ format/snow_tile_hill.obj
  artifactKey: Guid(32e2e6dd87c58544892717e72a2c0155) Importer(815301076,1909f56bfc062723c751e8b465ee728b)
Start importing Assets/AssetStore/TowerDefenseKit/Models/OBJ format/snow_tile_hill.obj using Guid(32e2e6dd87c58544892717e72a2c0155) Importer(815301076,1909f56bfc062723c751e8b465ee728b)  -> (artifact id: 'e3b0fa756f1e680dbac22d2db7d293c5') in 0.030175 seconds 
========================================================================
Received Import Request.
  Time since last request: 0.880829 seconds.
  path: Assets/AssetStore/TowerDefenseKit/Models/OBJ format/snow_tile_rock.obj
  artifactKey: Guid(6e5ab5e1d33556549a80cc32349f8394) Importer(815301076,1909f56bfc062723c751e8b465ee728b)
Start importing Assets/AssetStore/TowerDefenseKit/Models/OBJ format/snow_tile_rock.obj using Guid(6e5ab5e1d33556549a80cc32349f8394) Importer(815301076,1909f56bfc062723c751e8b465ee728b)  -> (artifact id: '491e90adca545e154d598e61ef33d805') in 0.028994 seconds 
========================================================================
Received Import Request.
  Time since last request: 0.000013 seconds.
  path: Assets/AssetStore/TowerDefenseKit/Models/OBJ format/snow_tile_spawnRound.obj
  artifactKey: Guid(e2aa1c82b455d1c4d8f4d283158a9223) Importer(815301076,1909f56bfc062723c751e8b465ee728b)
Start importing Assets/AssetStore/TowerDefenseKit/Models/OBJ format/snow_tile_spawnRound.obj using Guid(e2aa1c82b455d1c4d8f4d283158a9223) Importer(815301076,1909f56bfc062723c751e8b465ee728b)  -> (artifact id: '357fd18e58aeea6aefa997836d87bfec') in 0.037064 seconds 
========================================================================
Received Import Request.
  Time since last request: 0.000018 seconds.
  path: Assets/AssetStore/TowerDefenseKit/Models/OBJ format/snow_tile_wideSplit.obj
  artifactKey: Guid(6aee6d132c1e11b4cae81cad1813b809) Importer(815301076,1909f56bfc062723c751e8b465ee728b)
Start importing Assets/AssetStore/TowerDefenseKit/Models/OBJ format/snow_tile_wideSplit.obj using Guid(6aee6d132c1e11b4cae81cad1813b809) Importer(815301076,1909f56bfc062723c751e8b465ee728b)  -> (artifact id: '23ffa276fae8c02d3c88ca329ba3ac40') in 0.029079 seconds 
========================================================================
Received Import Request.
  Time since last request: 0.000015 seconds.
  path: Assets/AssetStore/TowerDefenseKit/Models/OBJ format/snow_woodStructure.obj
  artifactKey: Guid(07c8830526851e1488bae7c7ff72a2be) Importer(815301076,1909f56bfc062723c751e8b465ee728b)
Start importing Assets/AssetStore/TowerDefenseKit/Models/OBJ format/snow_woodStructure.obj using Guid(07c8830526851e1488bae7c7ff72a2be) Importer(815301076,1909f56bfc062723c751e8b465ee728b)  -> (artifact id: 'ecac275593dbcc5c23383fdb563cc0bc') in 0.025945 seconds 
========================================================================
Received Import Request.
  Time since last request: 0.000016 seconds.
  path: Assets/AssetStore/TowerDefenseKit/Models/OBJ format/tile.obj
  artifactKey: Guid(9b585cb07d188484cab0080380942cd2) Importer(815301076,1909f56bfc062723c751e8b465ee728b)
Start importing Assets/AssetStore/TowerDefenseKit/Models/OBJ format/tile.obj using Guid(9b585cb07d188484cab0080380942cd2) Importer(815301076,1909f56bfc062723c751e8b465ee728b)  -> (artifact id: 'f4efaf3279a5b7a3c1bece7ac572f7aa') in 0.025583 seconds 
========================================================================
Received Import Request.
  Time since last request: 0.000017 seconds.
  path: Assets/AssetStore/TowerDefenseKit/Models/OBJ format/snow_tile_wideStraight.obj
  artifactKey: Guid(a8b6bc35c56e5604b9c40304690f7235) Importer(815301076,1909f56bfc062723c751e8b465ee728b)
Start importing Assets/AssetStore/TowerDefenseKit/Models/OBJ format/snow_tile_wideStraight.obj using Guid(a8b6bc35c56e5604b9c40304690f7235) Importer(815301076,1909f56bfc062723c751e8b465ee728b)  -> (artifact id: '5916915c3825f0eae02566a5c5055736') in 0.030135 seconds 
========================================================================
Received Import Request.
  Time since last request: 0.000031 seconds.
  path: Assets/AssetStore/TowerDefenseKit/Models/OBJ format/snow_tile_straightHillLarge.obj
  artifactKey: Guid(5a1802b54adf4f6468de3aa592d7a73d) Importer(815301076,1909f56bfc062723c751e8b465ee728b)
Start importing Assets/AssetStore/TowerDefenseKit/Models/OBJ format/snow_tile_straightHillLarge.obj using Guid(5a1802b54adf4f6468de3aa592d7a73d) Importer(815301076,1909f56bfc062723c751e8b465ee728b)  -> (artifact id: 'db9b169ea60881b72be682e454867903') in 0.039525 seconds 
========================================================================
Received Import Request.
  Time since last request: 0.000018 seconds.
  path: Assets/AssetStore/TowerDefenseKit/Models/OBJ format/tile_endRound.obj
  artifactKey: Guid(e6f97ce0919e35b418fdba2f6213ecbc) Importer(815301076,1909f56bfc062723c751e8b465ee728b)
Start importing Assets/AssetStore/TowerDefenseKit/Models/OBJ format/tile_endRound.obj using Guid(e6f97ce0919e35b418fdba2f6213ecbc) Importer(815301076,1909f56bfc062723c751e8b465ee728b)  -> (artifact id: '2f16f2f6d06e9ac2019f95904ca2187f') in 0.028206 seconds 
========================================================================
Received Import Request.
  Time since last request: 0.000018 seconds.
  path: Assets/AssetStore/TowerDefenseKit/Models/OBJ format/tile_endRoundSpawn.obj
  artifactKey: Guid(3d3ce6bb1a248d543be67f8b3ed2aaba) Importer(815301076,1909f56bfc062723c751e8b465ee728b)
Start importing Assets/AssetStore/TowerDefenseKit/Models/OBJ format/tile_endRoundSpawn.obj using Guid(3d3ce6bb1a248d543be67f8b3ed2aaba) Importer(815301076,1909f56bfc062723c751e8b465ee728b)  -> (artifact id: '2f9f759ebf0614de57e10f9c0da3eabd') in 0.034591 seconds 
========================================================================
Received Import Request.
  Time since last request: 0.000016 seconds.
  path: Assets/AssetStore/TowerDefenseKit/Models/OBJ format/snow_tile_straightHill.obj
  artifactKey: Guid(3fdaa067235e8424ebc791fbd5a1acf0) Importer(815301076,1909f56bfc062723c751e8b465ee728b)
Start importing Assets/AssetStore/TowerDefenseKit/Models/OBJ format/snow_tile_straightHill.obj using Guid(3fdaa067235e8424ebc791fbd5a1acf0) Importer(815301076,1909f56bfc062723c751e8b465ee728b)  -> (artifact id: '2895ee96694a3d9d04774ec063ffd134') in 0.034232 seconds 
========================================================================
Received Import Request.
  Time since last request: 0.000015 seconds.
  path: Assets/AssetStore/TowerDefenseKit/Models/OBJ format/tile_cornerSquare.obj
  artifactKey: Guid(7ab2f15d5b3c4c34ea61ab66b44912cd) Importer(815301076,1909f56bfc062723c751e8b465ee728b)
Start importing Assets/AssetStore/TowerDefenseKit/Models/OBJ format/tile_cornerSquare.obj using Guid(7ab2f15d5b3c4c34ea61ab66b44912cd) Importer(815301076,1909f56bfc062723c751e8b465ee728b)  -> (artifact id: 'cb46c0837cd40b9c5ad780e1b6fbc870') in 0.026518 seconds 
========================================================================
Received Import Request.
  Time since last request: 2.048327 seconds.
  path: Assets/AssetStore/TowerDefenseKit/Models/OBJ format/tile_riverBridge.obj
  artifactKey: Guid(65a4abca97ca0ca4a98574f12d8acd3a) Importer(815301076,1909f56bfc062723c751e8b465ee728b)
Start importing Assets/AssetStore/TowerDefenseKit/Models/OBJ format/tile_riverBridge.obj using Guid(65a4abca97ca0ca4a98574f12d8acd3a) Importer(815301076,1909f56bfc062723c751e8b465ee728b)  -> (artifact id: '892ee1174c4944fb8c7bbac20de38e97') in 0.028718 seconds 
========================================================================
Received Import Request.
  Time since last request: 0.000021 seconds.
  path: Assets/AssetStore/TowerDefenseKit/Models/OBJ format/tile_riverStraight.obj
  artifactKey: Guid(24aef7a77e526634dadae7e5617191fe) Importer(815301076,1909f56bfc062723c751e8b465ee728b)
Start importing Assets/AssetStore/TowerDefenseKit/Models/OBJ format/tile_riverStraight.obj using Guid(24aef7a77e526634dadae7e5617191fe) Importer(815301076,1909f56bfc062723c751e8b465ee728b)  -> (artifact id: 'c2113699d8971ddb5ab674064c01355f') in 0.027650 seconds 
========================================================================
Received Import Request.
  Time since last request: 0.000022 seconds.
  path: Assets/AssetStore/TowerDefenseKit/Models/OBJ format/tile_riverSlope.obj
  artifactKey: Guid(44971af2328450f4db0e4e698100bf7a) Importer(815301076,1909f56bfc062723c751e8b465ee728b)
Start importing Assets/AssetStore/TowerDefenseKit/Models/OBJ format/tile_riverSlope.obj using Guid(44971af2328450f4db0e4e698100bf7a) Importer(815301076,1909f56bfc062723c751e8b465ee728b)  -> (artifact id: '36f52f658eb69721cc28ffefdb6e09a7') in 0.028433 seconds 
========================================================================
Received Import Request.
  Time since last request: 11.939093 seconds.
  path: Assets/AssetStore/TowerDefenseKit/Models/OBJ format/tile_slope.obj
  artifactKey: Guid(46daffdf6ca8cb344a238f0dfbb5b017) Importer(815301076,1909f56bfc062723c751e8b465ee728b)
Start importing Assets/AssetStore/TowerDefenseKit/Models/OBJ format/tile_slope.obj using Guid(46daffdf6ca8cb344a238f0dfbb5b017) Importer(815301076,1909f56bfc062723c751e8b465ee728b)  -> (artifact id: '99e254180e81780012ce372f3019914c') in 0.024778 seconds 
========================================================================
Received Import Request.
  Time since last request: 0.000022 seconds.
  path: Assets/AssetStore/TowerDefenseKit/Models/OBJ format/tile_spawn.obj
  artifactKey: Guid(7d87546d0c9c151488a414385576992c) Importer(815301076,1909f56bfc062723c751e8b465ee728b)
Start importing Assets/AssetStore/TowerDefenseKit/Models/OBJ format/tile_spawn.obj using Guid(7d87546d0c9c151488a414385576992c) Importer(815301076,1909f56bfc062723c751e8b465ee728b)  -> (artifact id: 'c80fd69de61f25afb429ec74915ad945') in 0.035324 seconds 
========================================================================
Received Import Request.
  Time since last request: 0.000026 seconds.
  path: Assets/AssetStore/TowerDefenseKit/Models/OBJ format/tile_spawnRound.obj
  artifactKey: Guid(0eaebf625822be242b0c61a37d33be48) Importer(815301076,1909f56bfc062723c751e8b465ee728b)
Start importing Assets/AssetStore/TowerDefenseKit/Models/OBJ format/tile_spawnRound.obj using Guid(0eaebf625822be242b0c61a37d33be48) Importer(815301076,1909f56bfc062723c751e8b465ee728b)  -> (artifact id: 'e1def2fe7d3980c32d3d7197071c5420') in 0.032060 seconds 
========================================================================
Received Import Request.
  Time since last request: 0.001234 seconds.
  path: Assets/AssetStore/TowerDefenseKit/Models/OBJ format/tile_treeDouble.obj
  artifactKey: Guid(8a39b5a74615ac041bc30840cfcce740) Importer(815301076,1909f56bfc062723c751e8b465ee728b)
Start importing Assets/AssetStore/TowerDefenseKit/Models/OBJ format/tile_treeDouble.obj using Guid(8a39b5a74615ac041bc30840cfcce740) Importer(815301076,1909f56bfc062723c751e8b465ee728b)  -> (artifact id: 'c133c519716eea6bffde43a6406eae2a') in 0.031279 seconds 
========================================================================
Received Import Request.
  Time since last request: 0.000014 seconds.
  path: Assets/AssetStore/TowerDefenseKit/Models/OBJ format/tile_wideCorner.obj
  artifactKey: Guid(11c81d3daf69ef642bbbc059be9a81e4) Importer(815301076,1909f56bfc062723c751e8b465ee728b)
Start importing Assets/AssetStore/TowerDefenseKit/Models/OBJ format/tile_wideCorner.obj using Guid(11c81d3daf69ef642bbbc059be9a81e4) Importer(815301076,1909f56bfc062723c751e8b465ee728b)  -> (artifact id: '84be65a5590550a52a510a70a4a49d39') in 0.028968 seconds 
========================================================================
Received Import Request.
  Time since last request: 0.367924 seconds.
  path: Assets/AssetStore/TowerDefenseKit/Models/OBJ format/towerRound_bottomB.obj
  artifactKey: Guid(d7a8375423460da49b8d6cd3d087edef) Importer(815301076,1909f56bfc062723c751e8b465ee728b)
Start importing Assets/AssetStore/TowerDefenseKit/Models/OBJ format/towerRound_bottomB.obj using Guid(d7a8375423460da49b8d6cd3d087edef) Importer(815301076,1909f56bfc062723c751e8b465ee728b)  -> (artifact id: 'c00ffc4ddba1dd14b2fcbf7eb2098f4f') in 0.024469 seconds 
========================================================================
Received Import Request.
  Time since last request: 0.000013 seconds.
  path: Assets/AssetStore/TowerDefenseKit/Models/OBJ format/towerRound_crystals.obj
  artifactKey: Guid(1e61fb44be476a54ea0b5f96555f03be) Importer(815301076,1909f56bfc062723c751e8b465ee728b)
Start importing Assets/AssetStore/TowerDefenseKit/Models/OBJ format/towerRound_crystals.obj using Guid(1e61fb44be476a54ea0b5f96555f03be) Importer(815301076,1909f56bfc062723c751e8b465ee728b)  -> (artifact id: '362f5292f6c928aace5fc8855069e6da') in 0.037814 seconds 
========================================================================
Received Import Request.
  Time since last request: 0.000015 seconds.
  path: Assets/AssetStore/TowerDefenseKit/Models/OBJ format/towerRound_roofA.obj
  artifactKey: Guid(308d9454e41911e4084e408649ac352a) Importer(815301076,1909f56bfc062723c751e8b465ee728b)
Start importing Assets/AssetStore/TowerDefenseKit/Models/OBJ format/towerRound_roofA.obj using Guid(308d9454e41911e4084e408649ac352a) Importer(815301076,1909f56bfc062723c751e8b465ee728b)  -> (artifact id: '6360b23928924a893f06b521731b2e10') in 0.028480 seconds 
========================================================================
Received Import Request.
  Time since last request: 4.325156 seconds.
  path: Assets/AssetStore/TowerDefenseKit/Models/OBJ format/towerRound_sampleA.obj
  artifactKey: Guid(d0dae12744638754b8b28117be44009b) Importer(815301076,1909f56bfc062723c751e8b465ee728b)
Start importing Assets/AssetStore/TowerDefenseKit/Models/OBJ format/towerRound_sampleA.obj using Guid(d0dae12744638754b8b28117be44009b) Importer(815301076,1909f56bfc062723c751e8b465ee728b)  -> (artifact id: '790ecac40502876205563607862a4409') in 0.027162 seconds 
========================================================================
Received Import Request.
  Time since last request: 0.000020 seconds.
  path: Assets/AssetStore/TowerDefenseKit/Models/OBJ format/towerRound_sampleE.obj
  artifactKey: Guid(d0de68dd040741a4f9f346d187ef9406) Importer(815301076,1909f56bfc062723c751e8b465ee728b)
Start importing Assets/AssetStore/TowerDefenseKit/Models/OBJ format/towerRound_sampleE.obj using Guid(d0de68dd040741a4f9f346d187ef9406) Importer(815301076,1909f56bfc062723c751e8b465ee728b)  -> (artifact id: 'b4977673a2b4887937c5f5d667250b97') in 0.026936 seconds 
========================================================================
Received Import Request.
  Time since last request: 0.000023 seconds.
  path: Assets/AssetStore/TowerDefenseKit/Models/OBJ format/towerRound_sampleF.obj
  artifactKey: Guid(8e793ae2617369141865d5515d070a8f) Importer(815301076,1909f56bfc062723c751e8b465ee728b)
Start importing Assets/AssetStore/TowerDefenseKit/Models/OBJ format/towerRound_sampleF.obj using Guid(8e793ae2617369141865d5515d070a8f) Importer(815301076,1909f56bfc062723c751e8b465ee728b)  -> (artifact id: 'b3424b8872ca3318286ab2569c1d90a8') in 0.027794 seconds 
========================================================================
Received Import Request.
  Time since last request: 1.622337 seconds.
  path: Assets/AssetStore/TowerDefenseKit/Models/OBJ format/towerRound_topC.obj
  artifactKey: Guid(fddd8b9459360014694eb5c63e3dfff5) Importer(815301076,1909f56bfc062723c751e8b465ee728b)
Start importing Assets/AssetStore/TowerDefenseKit/Models/OBJ format/towerRound_topC.obj using Guid(fddd8b9459360014694eb5c63e3dfff5) Importer(815301076,1909f56bfc062723c751e8b465ee728b)  -> (artifact id: '2ddc30fd738aa539e81213275daee18e') in 0.027559 seconds 
========================================================================
Received Import Request.
  Time since last request: 0.000015 seconds.
  path: Assets/AssetStore/TowerDefenseKit/Models/OBJ format/towerSquare_middleB.obj
  artifactKey: Guid(3cdd53ec39e906942818c29b76b07702) Importer(815301076,1909f56bfc062723c751e8b465ee728b)
Start importing Assets/AssetStore/TowerDefenseKit/Models/OBJ format/towerSquare_middleB.obj using Guid(3cdd53ec39e906942818c29b76b07702) Importer(815301076,1909f56bfc062723c751e8b465ee728b)  -> (artifact id: '0062cceaec2a7575f28753b64676b3ae') in 0.026474 seconds 
========================================================================
Received Import Request.
  Time since last request: 0.000017 seconds.
  path: Assets/AssetStore/TowerDefenseKit/Models/OBJ format/towerSquare_bottomA.obj
  artifactKey: Guid(e68b856ebbc55fc43bd00dc905da1725) Importer(815301076,1909f56bfc062723c751e8b465ee728b)
Start importing Assets/AssetStore/TowerDefenseKit/Models/OBJ format/towerSquare_bottomA.obj using Guid(e68b856ebbc55fc43bd00dc905da1725) Importer(815301076,1909f56bfc062723c751e8b465ee728b)  -> (artifact id: '7ab978768f485a30da063eb39d62b5fd') in 0.026772 seconds 
========================================================================
Received Import Request.
  Time since last request: 0.066052 seconds.
  path: Assets/AssetStore/TowerDefenseKit/Models/OBJ format/towerSquare_roofC.obj
  artifactKey: Guid(2a9c7858f51d4d946bea960ea67424a8) Importer(815301076,1909f56bfc062723c751e8b465ee728b)
Start importing Assets/AssetStore/TowerDefenseKit/Models/OBJ format/towerSquare_roofC.obj using Guid(2a9c7858f51d4d946bea960ea67424a8) Importer(815301076,1909f56bfc062723c751e8b465ee728b)  -> (artifact id: '8b00c92352ec0c87a447ccf1e00d258d') in 0.026991 seconds 
========================================================================
Received Import Request.
  Time since last request: 0.000019 seconds.
  path: Assets/AssetStore/TowerDefenseKit/Models/OBJ format/towerSquare_sampleB.obj
  artifactKey: Guid(f7f483b3f1db81c4a97dc82a7a409588) Importer(815301076,1909f56bfc062723c751e8b465ee728b)
Start importing Assets/AssetStore/TowerDefenseKit/Models/OBJ format/towerSquare_sampleB.obj using Guid(f7f483b3f1db81c4a97dc82a7a409588) Importer(815301076,1909f56bfc062723c751e8b465ee728b)  -> (artifact id: '0df25069a81cf9f7fb17bdfecc481982') in 0.026322 seconds 
========================================================================
Received Import Request.
  Time since last request: 0.000021 seconds.
  path: Assets/AssetStore/TowerDefenseKit/Models/OBJ format/towerSquare_sampleA.obj
  artifactKey: Guid(43ebecc62471e0b4e89b02134213ba16) Importer(815301076,1909f56bfc062723c751e8b465ee728b)
Start importing Assets/AssetStore/TowerDefenseKit/Models/OBJ format/towerSquare_sampleA.obj using Guid(43ebecc62471e0b4e89b02134213ba16) Importer(815301076,1909f56bfc062723c751e8b465ee728b)  -> (artifact id: 'c09511f42674dabc0b87bf343c1268b0') in 0.027869 seconds 
========================================================================
Received Import Request.
  Time since last request: 0.522264 seconds.
  path: Assets/AssetStore/TowerDefenseKit/Models/OBJ format/towerSquare_topB.obj
  artifactKey: Guid(7b08fe095267a7d4dba6d72a98245435) Importer(815301076,1909f56bfc062723c751e8b465ee728b)
Start importing Assets/AssetStore/TowerDefenseKit/Models/OBJ format/towerSquare_topB.obj using Guid(7b08fe095267a7d4dba6d72a98245435) Importer(815301076,1909f56bfc062723c751e8b465ee728b)  -> (artifact id: 'c6f867747441e506dfc8a3c314342915') in 0.027517 seconds 
========================================================================
Received Import Request.
  Time since last request: 0.000022 seconds.
  path: Assets/AssetStore/TowerDefenseKit/Models/OBJ format/weapon_blaster.obj
  artifactKey: Guid(ae8e8109d038f794aade461a2c69b4ed) Importer(815301076,1909f56bfc062723c751e8b465ee728b)
Start importing Assets/AssetStore/TowerDefenseKit/Models/OBJ format/weapon_blaster.obj using Guid(ae8e8109d038f794aade461a2c69b4ed) Importer(815301076,1909f56bfc062723c751e8b465ee728b)  -> (artifact id: '995cb94a3d82d78d5d40bcceaafcc080') in 0.029083 seconds 
========================================================================
Received Import Request.
  Time since last request: 0.000022 seconds.
  path: Assets/AssetStore/TowerDefenseKit/Models/OBJ format/woodStructure.obj
  artifactKey: Guid(06c9719bec38db44ca5fcbd7d6502785) Importer(815301076,1909f56bfc062723c751e8b465ee728b)
Start importing Assets/AssetStore/TowerDefenseKit/Models/OBJ format/woodStructure.obj using Guid(06c9719bec38db44ca5fcbd7d6502785) Importer(815301076,1909f56bfc062723c751e8b465ee728b)  -> (artifact id: 'fb8c008692806060698c0e5a63d0555d') in 0.024557 seconds 
========================================================================
Received Import Request.
  Time since last request: 20.450747 seconds.
  path: Assets/AssetStore/TowerDefenseKit/Models/FBX format/tile_slope.fbx
  artifactKey: Guid(45496a24dd6d24442a27ce9044767793) Importer(815301076,1909f56bfc062723c751e8b465ee728b)
Start importing Assets/AssetStore/TowerDefenseKit/Models/FBX format/tile_slope.fbx using Guid(45496a24dd6d24442a27ce9044767793) Importer(815301076,1909f56bfc062723c751e8b465ee728b)  -> (artifact id: '614fb0eb0328e8065ab39fe578422b53') in 0.021450 seconds 
========================================================================
Received Import Request.
  Time since last request: 0.000014 seconds.
  path: Assets/AssetStore/TowerDefenseKit/Models/FBX format/tile_spawnRound.fbx
  artifactKey: Guid(5ecd79d3d491c854a935db8c09b3e451) Importer(815301076,1909f56bfc062723c751e8b465ee728b)
Start importing Assets/AssetStore/TowerDefenseKit/Models/FBX format/tile_spawnRound.fbx using Guid(5ecd79d3d491c854a935db8c09b3e451) Importer(815301076,1909f56bfc062723c751e8b465ee728b)  -> (artifact id: 'bbf35d69d6bef30f3191b606c6729533') in 0.028679 seconds 
========================================================================
Received Import Request.
  Time since last request: 0.000014 seconds.
  path: Assets/AssetStore/TowerDefenseKit/Models/FBX format/towerRound_crystals.fbx
  artifactKey: Guid(8554aff37e1feda4090c9f600bbe7ada) Importer(815301076,1909f56bfc062723c751e8b465ee728b)
Start importing Assets/AssetStore/TowerDefenseKit/Models/FBX format/towerRound_crystals.fbx using Guid(8554aff37e1feda4090c9f600bbe7ada) Importer(815301076,1909f56bfc062723c751e8b465ee728b)  -> (artifact id: '7406cfb9b3e393ceb20aa61b741af5a7') in 0.048520 seconds 
========================================================================
Received Import Request.
  Time since last request: 0.000023 seconds.
  path: Assets/AssetStore/TowerDefenseKit/Models/FBX format/towerSquare_bottomC.fbx
  artifactKey: Guid(5ffcb74fc8f9a9345a1519e5ebac6c7e) Importer(815301076,1909f56bfc062723c751e8b465ee728b)
Start importing Assets/AssetStore/TowerDefenseKit/Models/FBX format/towerSquare_bottomC.fbx using Guid(5ffcb74fc8f9a9345a1519e5ebac6c7e) Importer(815301076,1909f56bfc062723c751e8b465ee728b)  -> (artifact id: '841ef1d5ffaa9120111f4f21e099c777') in 0.022002 seconds 
========================================================================
Received Import Request.
  Time since last request: 0.000021 seconds.
  path: Assets/AssetStore/TowerDefenseKit/Models/FBX format/towerSquare_topB.fbx
  artifactKey: Guid(487e83065604cc441a31b11319c5933a) Importer(815301076,1909f56bfc062723c751e8b465ee728b)
Start importing Assets/AssetStore/TowerDefenseKit/Models/FBX format/towerSquare_topB.fbx using Guid(487e83065604cc441a31b11319c5933a) Importer(815301076,1909f56bfc062723c751e8b465ee728b)  -> (artifact id: 'bfa9d1862856cb6ca60e6ebb118a516b') in 0.024241 seconds 
========================================================================
Received Import Request.
  Time since last request: 0.000014 seconds.
  path: Assets/AssetStore/TowerDefenseKit/Models/FBX format/tile_straightHill.fbx
  artifactKey: Guid(2012948fc3cd34c48a871fa72ace16de) Importer(815301076,1909f56bfc062723c751e8b465ee728b)
Start importing Assets/AssetStore/TowerDefenseKit/Models/FBX format/tile_straightHill.fbx using Guid(2012948fc3cd34c48a871fa72ace16de) Importer(815301076,1909f56bfc062723c751e8b465ee728b)  -> (artifact id: '3cdffd6e4fbf49ee67bdb7d59d864bcc') in 0.025096 seconds 
========================================================================
Received Import Request.
  Time since last request: 0.000016 seconds.
  path: Assets/AssetStore/TowerDefenseKit/Models/FBX format/weapon_cannon.fbx
  artifactKey: Guid(6a8d06ce57c7d8141ab5e7fde4e33823) Importer(815301076,1909f56bfc062723c751e8b465ee728b)
Start importing Assets/AssetStore/TowerDefenseKit/Models/FBX format/weapon_cannon.fbx using Guid(6a8d06ce57c7d8141ab5e7fde4e33823) Importer(815301076,1909f56bfc062723c751e8b465ee728b)  -> (artifact id: 'e9e012e8cabea503a737095ba687f480') in 0.028952 seconds 
========================================================================
Received Import Request.
  Time since last request: 0.000019 seconds.
  path: Assets/AssetStore/TowerDefenseKit/Models/FBX format/towerRound_base.fbx
  artifactKey: Guid(84a4278029f039647b34c4dec11b5e9e) Importer(815301076,1909f56bfc062723c751e8b465ee728b)
Start importing Assets/AssetStore/TowerDefenseKit/Models/FBX format/towerRound_base.fbx using Guid(84a4278029f039647b34c4dec11b5e9e) Importer(815301076,1909f56bfc062723c751e8b465ee728b)  -> (artifact id: '2c2d27933e08c0bca1005183e96e07b6') in 0.024381 seconds 
========================================================================
Received Import Request.
  Time since last request: 0.000015 seconds.
  path: Assets/AssetStore/TowerDefenseKit/Models/FBX format/woodStructure.fbx
  artifactKey: Guid(a0d1947fc51513b44bf2c36c3a3e62da) Importer(815301076,1909f56bfc062723c751e8b465ee728b)
Start importing Assets/AssetStore/TowerDefenseKit/Models/FBX format/woodStructure.fbx using Guid(a0d1947fc51513b44bf2c36c3a3e62da) Importer(815301076,1909f56bfc062723c751e8b465ee728b)  -> (artifact id: 'b6dc62b364b23fbfd2c7da45340d627b') in 0.021363 seconds 
========================================================================
Received Import Request.
  Time since last request: 0.000015 seconds.
  path: Assets/AssetStore/TowerDefenseKit/Models/FBX format/towerSquare_bottomA.fbx
  artifactKey: Guid(5239edb5689870642aac479a990a9660) Importer(815301076,1909f56bfc062723c751e8b465ee728b)
Start importing Assets/AssetStore/TowerDefenseKit/Models/FBX format/towerSquare_bottomA.fbx using Guid(5239edb5689870642aac479a990a9660) Importer(815301076,1909f56bfc062723c751e8b465ee728b)  -> (artifact id: '067b64dd0b02673aacbb0db8213709b7') in 0.022296 seconds 
========================================================================
Received Import Request.
  Time since last request: 0.000014 seconds.
  path: Assets/AssetStore/TowerDefenseKit/Models/FBX format/towerRound_bottomB.fbx
  artifactKey: Guid(ce45bb3389fe4bd49a4382a047584b30) Importer(815301076,1909f56bfc062723c751e8b465ee728b)
Start importing Assets/AssetStore/TowerDefenseKit/Models/FBX format/towerRound_bottomB.fbx using Guid(ce45bb3389fe4bd49a4382a047584b30) Importer(815301076,1909f56bfc062723c751e8b465ee728b)  -> (artifact id: 'd4995671d7b7266daff3cac209413c8c') in 0.022566 seconds 
========================================================================
Received Import Request.
  Time since last request: 0.000013 seconds.
  path: Assets/AssetStore/TowerDefenseKit/Models/FBX format/towerSquare_sampleF.fbx
  artifactKey: Guid(0bfb889624014404cac4bab9e1af9577) Importer(815301076,1909f56bfc062723c751e8b465ee728b)
Start importing Assets/AssetStore/TowerDefenseKit/Models/FBX format/towerSquare_sampleF.fbx using Guid(0bfb889624014404cac4bab9e1af9577) Importer(815301076,1909f56bfc062723c751e8b465ee728b)  -> (artifact id: '1ec7bf57da50c0d918c3fd88af953a46') in 0.025352 seconds 
========================================================================
Received Import Request.
  Time since last request: 0.000018 seconds.
  path: Assets/AssetStore/TowerDefenseKit/Models/FBX format/woodStructure_high.fbx
  artifactKey: Guid(26ac3a8562827c64e94782bbce726a15) Importer(815301076,1909f56bfc062723c751e8b465ee728b)
Start importing Assets/AssetStore/TowerDefenseKit/Models/FBX format/woodStructure_high.fbx using Guid(26ac3a8562827c64e94782bbce726a15) Importer(815301076,1909f56bfc062723c751e8b465ee728b)  -> (artifact id: '6f68b1e62ebfa7f024cf0ec1587588a8') in 0.019248 seconds 
========================================================================
Received Import Request.
  Time since last request: 0.000023 seconds.
  path: Assets/AssetStore/TowerDefenseKit/Models/FBX format/towerRound_sampleF.fbx
  artifactKey: Guid(620ec79382194c044b63054f18b4e7b4) Importer(815301076,1909f56bfc062723c751e8b465ee728b)
Start importing Assets/AssetStore/TowerDefenseKit/Models/FBX format/towerRound_sampleF.fbx using Guid(620ec79382194c044b63054f18b4e7b4) Importer(815301076,1909f56bfc062723c751e8b465ee728b)  -> (artifact id: '8df3a090c1d2dbccc1ef2627f02db913') in 0.027331 seconds 
========================================================================
Received Import Request.
  Time since last request: 0.000013 seconds.
  path: Assets/AssetStore/TowerDefenseKit/Models/FBX format/tile_straight.fbx
  artifactKey: Guid(8837205032caaec47a9aab932d2744fe) Importer(815301076,1909f56bfc062723c751e8b465ee728b)
Start importing Assets/AssetStore/TowerDefenseKit/Models/FBX format/tile_straight.fbx using Guid(8837205032caaec47a9aab932d2744fe) Importer(815301076,1909f56bfc062723c751e8b465ee728b)  -> (artifact id: '6bd46887e374c21438007b80d6355363') in 0.023624 seconds 
========================================================================
Received Import Request.
  Time since last request: 0.000016 seconds.
  path: Assets/AssetStore/TowerDefenseKit/Models/FBX format/towerSquare_sampleB.fbx
  artifactKey: Guid(d1b8c227d0c2e044bbc7a68c1eaf29d3) Importer(815301076,1909f56bfc062723c751e8b465ee728b)
Start importing Assets/AssetStore/TowerDefenseKit/Models/FBX format/towerSquare_sampleB.fbx using Guid(d1b8c227d0c2e044bbc7a68c1eaf29d3) Importer(815301076,1909f56bfc062723c751e8b465ee728b)  -> (artifact id: '0d0f3c450a76d53ca8510a64dc2e441d') in 0.022036 seconds 
========================================================================
Received Import Request.
  Time since last request: 0.000014 seconds.
  path: Assets/AssetStore/TowerDefenseKit/Models/FBX format/towerSquare_topC.fbx
  artifactKey: Guid(f94a87d9bc9719e4285ecf435900c625) Importer(815301076,1909f56bfc062723c751e8b465ee728b)
Start importing Assets/AssetStore/TowerDefenseKit/Models/FBX format/towerSquare_topC.fbx using Guid(f94a87d9bc9719e4285ecf435900c625) Importer(815301076,1909f56bfc062723c751e8b465ee728b)  -> (artifact id: 'fd53f65babf18b82424abcc1bea7a14f') in 0.022084 seconds 
========================================================================
Received Import Request.
  Time since last request: 0.000012 seconds.
  path: Assets/AssetStore/TowerDefenseKit/Models/FBX format/towerRound_middleA.fbx
  artifactKey: Guid(85bafef126ab1ab48932d3feb39890ff) Importer(815301076,1909f56bfc062723c751e8b465ee728b)
Start importing Assets/AssetStore/TowerDefenseKit/Models/FBX format/towerRound_middleA.fbx using Guid(85bafef126ab1ab48932d3feb39890ff) Importer(815301076,1909f56bfc062723c751e8b465ee728b)  -> (artifact id: '3bd7b20ce12537d1b2442b0f09e451e7') in 0.023586 seconds 
========================================================================
Received Import Request.
  Time since last request: 0.000014 seconds.
  path: Assets/AssetStore/TowerDefenseKit/Models/FBX format/towerRound_roofB.fbx
  artifactKey: Guid(a94681b7492a62743a912ba91deb302a) Importer(815301076,1909f56bfc062723c751e8b465ee728b)
Start importing Assets/AssetStore/TowerDefenseKit/Models/FBX format/towerRound_roofB.fbx using Guid(a94681b7492a62743a912ba91deb302a) Importer(815301076,1909f56bfc062723c751e8b465ee728b)  -> (artifact id: 'f480368d8e4201b4b14369619a972bc8') in 0.025038 seconds 
========================================================================
Received Import Request.
  Time since last request: 0.000014 seconds.
  path: Assets/AssetStore/TowerDefenseKit/Models/FBX format/towerSquare_sampleC.fbx
  artifactKey: Guid(0b0f278da20b9b34d8113b0f84193b8c) Importer(815301076,1909f56bfc062723c751e8b465ee728b)
Start importing Assets/AssetStore/TowerDefenseKit/Models/FBX format/towerSquare_sampleC.fbx using Guid(0b0f278da20b9b34d8113b0f84193b8c) Importer(815301076,1909f56bfc062723c751e8b465ee728b)  -> (artifact id: 'bab1a003a4fce212660fcb0154e302e1') in 0.025881 seconds 
========================================================================
Received Import Request.
  Time since last request: 0.000014 seconds.
  path: Assets/AssetStore/TowerDefenseKit/Models/FBX format/towerRound_sampleA.fbx
  artifactKey: Guid(fed32c995336c744baa6b6c1af4e3f6e) Importer(815301076,1909f56bfc062723c751e8b465ee728b)
Start importing Assets/AssetStore/TowerDefenseKit/Models/FBX format/towerRound_sampleA.fbx using Guid(fed32c995336c744baa6b6c1af4e3f6e) Importer(815301076,1909f56bfc062723c751e8b465ee728b)  -> (artifact id: '4438dda20adaefa5be0cd1b113273f0b') in 0.024794 seconds 
========================================================================
Received Import Request.
  Time since last request: 0.689113 seconds.
  path: Assets/AssetStore/TowerDefenseKit/Models/FBX format/tile_crossing.fbx
  artifactKey: Guid(930e08feb7b90de4fa8b8f3b1552d4a9) Importer(815301076,1909f56bfc062723c751e8b465ee728b)
Start importing Assets/AssetStore/TowerDefenseKit/Models/FBX format/tile_crossing.fbx using Guid(930e08feb7b90de4fa8b8f3b1552d4a9) Importer(815301076,1909f56bfc062723c751e8b465ee728b)  -> (artifact id: '57a0d9ace84093da4c6fad23d34deab8') in 0.028353 seconds 
========================================================================
Received Import Request.
  Time since last request: 0.000013 seconds.
  path: Assets/AssetStore/TowerDefenseKit/Models/FBX format/tile_dirtHigh.fbx
  artifactKey: Guid(15bcbb6e0b4eae84d80793a5f0ff7a49) Importer(815301076,1909f56bfc062723c751e8b465ee728b)
Start importing Assets/AssetStore/TowerDefenseKit/Models/FBX format/tile_dirtHigh.fbx using Guid(15bcbb6e0b4eae84d80793a5f0ff7a49) Importer(815301076,1909f56bfc062723c751e8b465ee728b)  -> (artifact id: 'f514e55d75f73dfb312941f8ec2f3e67') in 0.018608 seconds 
========================================================================
Received Import Request.
  Time since last request: 0.000018 seconds.
  path: Assets/AssetStore/TowerDefenseKit/Models/FBX format/tile_dirt.fbx
  artifactKey: Guid(58e31a4406299074d89702b4192796dc) Importer(815301076,1909f56bfc062723c751e8b465ee728b)
Start importing Assets/AssetStore/TowerDefenseKit/Models/FBX format/tile_dirt.fbx using Guid(58e31a4406299074d89702b4192796dc) Importer(815301076,1909f56bfc062723c751e8b465ee728b)  -> (artifact id: '845d41fe1039e5bc8e23052fdb1defd2') in 0.027023 seconds 
========================================================================
Received Import Request.
  Time since last request: 0.000013 seconds.
  path: Assets/AssetStore/TowerDefenseKit/Models/FBX format/tile_riverSlopeLarge.fbx
  artifactKey: Guid(c4bc558054abb0040b353400dbd0c4e5) Importer(815301076,1909f56bfc062723c751e8b465ee728b)
Start importing Assets/AssetStore/TowerDefenseKit/Models/FBX format/tile_riverSlopeLarge.fbx using Guid(c4bc558054abb0040b353400dbd0c4e5) Importer(815301076,1909f56bfc062723c751e8b465ee728b)  -> (artifact id: '5b621024ebc75959f93ba719467f8779') in 0.043772 seconds 
========================================================================
Received Import Request.
  Time since last request: 0.000018 seconds.
  path: Assets/AssetStore/TowerDefenseKit/Models/FBX format/tile_riverSlope.fbx
  artifactKey: Guid(18bbb768618d4a64fba94c74424f7bb3) Importer(815301076,1909f56bfc062723c751e8b465ee728b)
Start importing Assets/AssetStore/TowerDefenseKit/Models/FBX format/tile_riverSlope.fbx using Guid(18bbb768618d4a64fba94c74424f7bb3) Importer(815301076,1909f56bfc062723c751e8b465ee728b)  -> (artifact id: '98f3924a41fae49649a2f4aa39b061a3') in 0.028290 seconds 
========================================================================
Received Import Request.
  Time since last request: 0.000023 seconds.
  path: Assets/AssetStore/TowerDefenseKit/Models/FBX format/tile_riverStraight.fbx
  artifactKey: Guid(2181934093f4b564facad0a511274af0) Importer(815301076,1909f56bfc062723c751e8b465ee728b)
Start importing Assets/AssetStore/TowerDefenseKit/Models/FBX format/tile_riverStraight.fbx using Guid(2181934093f4b564facad0a511274af0) Importer(815301076,1909f56bfc062723c751e8b465ee728b)  -> (artifact id: '6de73cace38023cf3dd1bd669e4b7998') in 0.035064 seconds 
========================================================================
Received Import Request.
  Time since last request: 0.220267 seconds.
  path: Assets/AssetStore/TowerDefenseKit/Models/FBX format/snow_tile_tree.fbx
  artifactKey: Guid(382061f2ce295d24db30ea9989ec14a3) Importer(815301076,1909f56bfc062723c751e8b465ee728b)
Start importing Assets/AssetStore/TowerDefenseKit/Models/FBX format/snow_tile_tree.fbx using Guid(382061f2ce295d24db30ea9989ec14a3) Importer(815301076,1909f56bfc062723c751e8b465ee728b)  -> (artifact id: 'f0fa6b1d66141c4a8b4f105c188d3af4') in 0.044257 seconds 
========================================================================
Received Import Request.
  Time since last request: 0.000016 seconds.
  path: Assets/AssetStore/TowerDefenseKit/Models/FBX format/tile_cornerInner.fbx
  artifactKey: Guid(d26934fb569330d41bb088f148477915) Importer(815301076,1909f56bfc062723c751e8b465ee728b)
Start importing Assets/AssetStore/TowerDefenseKit/Models/FBX format/tile_cornerInner.fbx using Guid(d26934fb569330d41bb088f148477915) Importer(815301076,1909f56bfc062723c751e8b465ee728b)  -> (artifact id: '6c855668f5aad734b9a7539775e9710d') in 0.020458 seconds 
========================================================================
Received Import Request.
  Time since last request: 0.000016 seconds.
  path: Assets/AssetStore/TowerDefenseKit/Models/FBX format/snow_tile_wideSplit.fbx
  artifactKey: Guid(b2be5431aa6a94240a7829ffdca38f21) Importer(815301076,1909f56bfc062723c751e8b465ee728b)
Start importing Assets/AssetStore/TowerDefenseKit/Models/FBX format/snow_tile_wideSplit.fbx using Guid(b2be5431aa6a94240a7829ffdca38f21) Importer(815301076,1909f56bfc062723c751e8b465ee728b)  -> (artifact id: '7b65d1f4c67b01def9d18cd74d24455b') in 0.028867 seconds 
========================================================================
Received Import Request.
  Time since last request: 0.000013 seconds.
  path: Assets/AssetStore/TowerDefenseKit/Models/FBX format/snow_tile_wideStraight.fbx
  artifactKey: Guid(a00eba65b0c660f4486813c6ae5f9380) Importer(815301076,1909f56bfc062723c751e8b465ee728b)
Start importing Assets/AssetStore/TowerDefenseKit/Models/FBX format/snow_tile_wideStraight.fbx using Guid(a00eba65b0c660f4486813c6ae5f9380) Importer(815301076,1909f56bfc062723c751e8b465ee728b)  -> (artifact id: 'ca3d73599eafe28bc830381a60562af5') in 0.030045 seconds 
========================================================================
Received Import Request.
  Time since last request: 0.000017 seconds.
  path: Assets/AssetStore/TowerDefenseKit/Models/FBX format/snow_tile_wideTransition.fbx
  artifactKey: Guid(ad1cac7182455c44d84b6d743476e2a3) Importer(815301076,1909f56bfc062723c751e8b465ee728b)
Start importing Assets/AssetStore/TowerDefenseKit/Models/FBX format/snow_tile_wideTransition.fbx using Guid(ad1cac7182455c44d84b6d743476e2a3) Importer(815301076,1909f56bfc062723c751e8b465ee728b)  -> (artifact id: 'd9b25cbdfb925bda341ccbfdc60231df') in 0.027588 seconds 
Editor requested this worker to shutdown with reason: Scaling down because of idle timeout
AssetImportWorker is now disconnected from the server
Process exiting
Exiting without the bug reporter. Application will terminate with return code 0